<?xml version="1.0" encoding="UTF-8"?>
<!-- Generated by org.testng.reporters.JUnitReportReporter -->
<testsuite skipped="0" hostname="Manishs-MacBook-Air.local" name="com.test.qa.testcases.SwipeTest" tests="1" failures="0" timestamp="20 Sep 2020 04:19:42 GMT" time="42.831" errors="0">
  <testcase name="buyTV" time="42.831" classname="com.test.qa.testcases.SwipeTest"/>
</testsuite> <!-- com.test.qa.testcases.SwipeTest -->
