<?xml version="1.0" encoding="UTF-8"?>
<!-- Generated by org.testng.reporters.JUnitReportReporter -->
<testsuite skipped="0" hostname="Manishs-MacBook-Air.local" name="com.test.qa.testcases.BuyNowTest" tests="1" failures="0" timestamp="19 Sep 2020 17:43:44 GMT" time="127.537" errors="0">
  <testcase name="buyTV" time="127.537" classname="com.test.qa.testcases.BuyNowTest"/>
</testsuite> <!-- com.test.qa.testcases.BuyNowTest -->
